<?xml version="1.0" encoding="UTF-8"?>
<testsuite xmlns:xsi="http://www.w3.org/2001/XMLSchema-instance" xsi:noNamespaceSchemaLocation="https://maven.apache.org/surefire/maven-surefire-plugin/xsd/surefire-test-report-3.0.xsd" version="3.0" name="TestSuite" time="81.628" tests="4" errors="0" skipped="1" failures="3">
  <properties>
[...]
</properties>
  <testcase name="doLogin" classname="testcases.LoginTest" time="22.699">
    <failure message="The following asserts failed:&#10;	User could not login" type="java.lang.AssertionError"><![CDATA[java.lang.AssertionError: 
The following asserts failed:
	User could not login
	at testcases.LoginTest.doLogin(LoginTest.java:46)
]]></failure>
    <system-out><![CDATA[{"test_data":[{"runmode":"Y","password":"will","username":"will"}]}
1
ApplicationKeywords constructor
https://suite8demo.suiteondemand.com
https://suite8demo.suiteondemand.com
null
]]></system-out>
    <system-err><![CDATA[SLF4J: Failed to load class "org.slf4j.impl.StaticLoggerBinder".
SLF4J: Defaulting to no-operation (NOP) logger implementation
SLF4J: See http://www.slf4j.org/codes.html#StaticLoggerBinder for further details.
Starting ChromeDriver 105.0.5195.52 (412c95e518836d8a7d97250d62b29c2ae6a26a85-refs/branch-heads/5195@{#853}) on port 43624
Only local connections are allowed.
Please see https://chromedriver.chromium.org/security-considerations for suggestions on keeping ChromeDriver safe.
ChromeDriver was started successfully.
Oct 19, 2022 7:30:59 AM org.openqa.selenium.remote.ProtocolHandshake createSession
INFO: Detected dialect: W3C
Oct 19, 2022 7:30:59 AM org.openqa.selenium.devtools.CdpVersionFinder findNearestMatch
WARNING: Unable to find an exact match for CDP version 105, so returning the closest version found: a no-op implementation
Oct 19, 2022 7:30:59 AM org.openqa.selenium.devtools.CdpVersionFinder findNearestMatch
INFO: Unable to find CDP implementation matching 105.
Oct 19, 2022 7:30:59 AM org.openqa.selenium.chromium.ChromiumDriver lambda$new$0
WARNING: Unable to find version of CDP to use for . You may need to include a dependency on a specific version of the CDP using something similar to `org.seleniumhq.selenium:selenium-devtools-v86:4.0.0-alpha-7` where the version ("v86") matches the version of the chromium-based browser you're using and the version number of the artifact is the same as Selenium's.
]]></system-err>
  </testcase>
  <testcase name="createLeadTest" classname="testcases.CreateLeadTest" time="22.622">
    <failure message="The following asserts failed:&#10;	Element not present username_name" type="java.lang.AssertionError"><![CDATA[java.lang.AssertionError: 
The following asserts failed:
	Element not present username_name
	at testcases.CreateLeadTest.createLeadTest(CreateLeadTest.java:41)
]]></failure>
    <system-out><![CDATA[{"test_data":[{"runmode":"Y","last_name":"Thakur","first_name":"Ashish"},{"runmode":"N","last_name":"Thakur","first_name":"Ashish"}]}
2
ApplicationKeywords constructor
https://suite8demo.suiteondemand.com
https://suite8demo.suiteondemand.com
null
]]></system-out>
    <system-err><![CDATA[Starting ChromeDriver 105.0.5195.52 (412c95e518836d8a7d97250d62b29c2ae6a26a85-refs/branch-heads/5195@{#853}) on port 38159
Only local connections are allowed.
Please see https://chromedriver.chromium.org/security-considerations for suggestions on keeping ChromeDriver safe.
ChromeDriver was started successfully.
Oct 19, 2022 7:31:20 AM org.openqa.selenium.remote.ProtocolHandshake createSession
INFO: Detected dialect: W3C
Oct 19, 2022 7:31:20 AM org.openqa.selenium.devtools.CdpVersionFinder findNearestMatch
WARNING: Unable to find an exact match for CDP version 105, so returning the closest version found: a no-op implementation
Oct 19, 2022 7:31:20 AM org.openqa.selenium.devtools.CdpVersionFinder findNearestMatch
INFO: Unable to find CDP implementation matching 105.
Oct 19, 2022 7:31:20 AM org.openqa.selenium.chromium.ChromiumDriver lambda$new$0
WARNING: Unable to find version of CDP to use for . You may need to include a dependency on a specific version of the CDP using something similar to `org.seleniumhq.selenium:selenium-devtools-v86:4.0.0-alpha-7` where the version ("v86") matches the version of the chromium-based browser you're using and the version number of the artifact is the same as Selenium's.
]]></system-err>
  </testcase>
  <testcase name="createLeadTest" classname="testcases.CreateLeadTest" time="0">
    <skipped message="Skipping the test as runmode is N"/>
    <system-out><![CDATA[ApplicationKeywords constructor
https://suite8demo.suiteondemand.com
https://suite8demo.suiteondemand.com
null
]]></system-out>
  </testcase>
  <testcase name="deleteLeadTest" classname="testcases.DeleteLeadTest" time="32.6">
    <failure message="The following asserts failed:&#10;	Element not present username_name" type="java.lang.AssertionError"><![CDATA[java.lang.AssertionError: 
The following asserts failed:
	Element not present username_name
	at testcases.DeleteLeadTest.deleteLeadTest(DeleteLeadTest.java:41)
]]></failure>
    <system-out><![CDATA[{"test_data":[{"runmode":"Y","lead_name":"Glenn Harner"}]}
1
ApplicationKeywords constructor
https://suite8demo.suiteondemand.com
https://suite8demo.suiteondemand.com
null
]]></system-out>
    <system-err><![CDATA[Starting ChromeDriver 105.0.5195.52 (412c95e518836d8a7d97250d62b29c2ae6a26a85-refs/branch-heads/5195@{#853}) on port 16711
Only local connections are allowed.
Please see https://chromedriver.chromium.org/security-considerations for suggestions on keeping ChromeDriver safe.
ChromeDriver was started successfully.
Oct 19, 2022 7:31:43 AM org.openqa.selenium.remote.ProtocolHandshake createSession
INFO: Detected dialect: W3C
Oct 19, 2022 7:31:43 AM org.openqa.selenium.devtools.CdpVersionFinder findNearestMatch
WARNING: Unable to find an exact match for CDP version 105, so returning the closest version found: a no-op implementation
Oct 19, 2022 7:31:43 AM org.openqa.selenium.devtools.CdpVersionFinder findNearestMatch
INFO: Unable to find CDP implementation matching 105.
Oct 19, 2022 7:31:43 AM org.openqa.selenium.chromium.ChromiumDriver lambda$new$0
WARNING: Unable to find version of CDP to use for . You may need to include a dependency on a specific version of the CDP using something similar to `org.seleniumhq.selenium:selenium-devtools-v86:4.0.0-alpha-7` where the version ("v86") matches the version of the chromium-based browser you're using and the version number of the artifact is the same as Selenium's.
]]></system-err>
  </testcase>
</testsuite>