<?xml version="1.0" encoding="UTF-8"?>
<!-- Generated by org.testng.reporters.JUnitXMLReporter -->
<testsuite hostname="DESKTOP-BKVHFCN" ignored="0" name="Create Lead Test" tests="2" failures="1" timestamp="2022-10-19T07:21:33 IST" time="26.66" errors="0">
  <testcase name="createLeadTest" time="26.592" classname="testcases.CreateLeadTest">
    <failure type="java.lang.AssertionError" message="The following asserts failed:
	Element not present first_name_xpath">
      <![CDATA[java.lang.AssertionError: The following asserts failed:
Element not present first_name_xpath
at keywords.GenericKeywords.assertAll(GenericKeywords.java:152)
at keywords.GenericKeywords.fail(GenericKeywords.java:143)
at keywords.GenericKeywords.getElement(GenericKeywords.java:90)
at keywords.GenericKeywords.type(GenericKeywords.java:65)
at testcases.CreateLeadTest.createLeadTest(CreateLeadTest.java:44)
at java.util.ArrayList.forEach(ArrayList.java:1259)
... Removed 33 stack frames]]>
    </failure>
  </testcase> <!-- createLeadTest -->
  <testcase name="createLeadTest" time="0.001" classname="testcases.CreateLeadTest">
    <skipped/>
  </testcase> <!-- createLeadTest -->
</testsuite> <!-- Create Lead Test -->
