<?xml version="1.0" encoding="UTF-8"?>
<!-- Generated by org.testng.reporters.JUnitXMLReporter -->
<testsuite hostname="DESKTOP-BKVHFCN" ignored="0" name="Delete Lead Test" tests="1" failures="1" timestamp="2022-10-19T07:32:14 IST" time="32.673" errors="0">
  <testcase name="deleteLeadTest" time="32.598" classname="testcases.DeleteLeadTest">
    <failure type="java.lang.AssertionError" message="The following asserts failed:
	Element not present username_name">
      <![CDATA[java.lang.AssertionError: The following asserts failed:
Element not present username_name
at keywords.GenericKeywords.assertAll(GenericKeywords.java:152)
at keywords.GenericKeywords.fail(GenericKeywords.java:143)
at keywords.GenericKeywords.getElement(GenericKeywords.java:90)
at keywords.GenericKeywords.type(GenericKeywords.java:65)
at keywords.ApplicationKeywords.defaultLogin(ApplicationKeywords.java:41)
at testcases.DeleteLeadTest.deleteLeadTest(DeleteLeadTest.java:41)
at java.util.ArrayList.forEach(ArrayList.java:1259)
... Removed 33 stack frames]]>
    </failure>
  </testcase> <!-- deleteLeadTest -->
</testsuite> <!-- Delete Lead Test -->
