<?xml version="1.0" encoding="UTF-8"?>
<!-- Generated by org.testng.reporters.JUnitXMLReporter -->
<testsuite hostname="DESKTOP-BKVHFCN" ignored="0" name="Login Test" tests="1" failures="1" timestamp="2022-10-19T07:33:16 IST" time="21.616" errors="0">
  <testcase name="doLogin" time="19.987" classname="testcases.LoginTest">
    <failure type="java.lang.AssertionError" message="The following asserts failed:
	User could not login">
      <![CDATA[java.lang.AssertionError: The following asserts failed:
User could not login
at keywords.GenericKeywords.assertAll(GenericKeywords.java:152)
at keywords.GenericKeywords.fail(GenericKeywords.java:143)
at testcases.LoginTest.doLogin(LoginTest.java:46)
at java.util.ArrayList.forEach(ArrayList.java:1259)
... Removed 33 stack frames]]>
    </failure>
  </testcase> <!-- doLogin -->
</testsuite> <!-- Login Test -->
