<?xml version="1.0" encoding="UTF-8"?>
<testng-results ignored="0" total="1" passed="1" failed="0" skipped="0">
  <reporter-output>
  </reporter-output>
  <suite started-at="2022-10-18T07:25:26 IST" name="Default suite" finished-at="2022-10-18T07:26:01 IST" duration-ms="34821">
    <groups>
    </groups>
    <test started-at="2022-10-18T07:25:26 IST" name="Default test" finished-at="2022-10-18T07:26:01 IST" duration-ms="34821">
      <class name="testcases.DeleteLeadTest">
        <test-method is-config="true" signature="init()[pri:0, instance:testcases.DeleteLeadTest@3d1cfad4]" started-at="2022-10-18T07:25:26 IST" name="init" finished-at="2022-10-18T07:25:27 IST" duration-ms="468" status="PASS">
          <reporter-output>
          </reporter-output>
        </test-method> <!-- init -->
        <test-method signature="deleteLeadTest(org.json.simple.JSONObject)[pri:0, instance:testcases.DeleteLeadTest@3d1cfad4]" started-at="2022-10-18T07:25:27 IST" name="deleteLeadTest" data-provider="getData" finished-at="2022-10-18T07:26:00 IST" duration-ms="33579" status="PASS">
          <params>
            <param index="0">
              <value>
                <![CDATA[{"runmode":"Y","lead_name":"Glenn Harner"}]]>
              </value>
            </param>
          </params>
          <reporter-output>
          </reporter-output>
        </test-method> <!-- deleteLeadTest -->
        <test-method is-config="true" signature="quit()[pri:0, instance:testcases.DeleteLeadTest@3d1cfad4]" started-at="2022-10-18T07:26:00 IST" name="quit" finished-at="2022-10-18T07:26:01 IST" duration-ms="701" status="PASS">
          <reporter-output>
          </reporter-output>
        </test-method> <!-- quit -->
      </class> <!-- testcases.DeleteLeadTest -->
    </test> <!-- Default test -->
  </suite> <!-- Default suite -->
</testng-results>
